[debug] [2022-10-11T05:55:47.115Z] ----------------------------------------------------------------------
[debug] [2022-10-11T05:55:47.117Z] Command:       /usr/local/bin/node /usr/local/bin/firebase init
[debug] [2022-10-11T05:55:47.117Z] CLI Version:   11.0.1
[debug] [2022-10-11T05:55:47.117Z] Platform:      darwin
[debug] [2022-10-11T05:55:47.117Z] Node Version:  v16.15.0
[debug] [2022-10-11T05:55:47.118Z] Time:          Tue Oct 11 2022 01:55:47 GMT-0400 (Eastern Daylight Saving Time)
[debug] [2022-10-11T05:55:47.118Z] ----------------------------------------------------------------------
[debug] 
[debug] [2022-10-11T05:55:47.123Z] > command requires scopes: ["email","openid","https://www.googleapis.com/auth/cloudplatformprojects.readonly","https://www.googleapis.com/auth/firebase","https://www.googleapis.com/auth/cloud-platform"]
[debug] [2022-10-11T05:55:47.123Z] > authorizing via signed-in user (blindateappco@gmail.com)
[info] 
     ######## #### ########  ######## ########     ###     ######  ########
     ##        ##  ##     ## ##       ##     ##  ##   ##  ##       ##
     ######    ##  ########  ######   ########  #########  ######  ######
     ##        ##  ##    ##  ##       ##     ## ##     ##       ## ##
     ##       #### ##     ## ######## ########  ##     ##  ######  ########

You're about to initialize a Firebase project in this directory:

  /Users/clydejohn/Desktop/731-Project

[info] 
=== Project Setup
[info] 
[info] First, let's associate this project directory with a Firebase project.
[info] You can create multiple project aliases by running firebase use --add, 
[info] but for now we'll just set up a default project.
[info] 
[debug] [2022-10-11T05:56:08.304Z] > refreshing access token with scopes: []
[debug] [2022-10-11T05:56:08.305Z] >>> HTTP REQUEST POST https://www.googleapis.com/oauth2/v3/token  
 <request body omitted>
[debug] [2022-10-11T05:56:08.527Z] <<< HTTP RESPONSE 200 {"expires":"Mon, 01 Jan 1990 00:00:00 GMT","pragma":"no-cache","date":"Tue, 11 Oct 2022 05:56:08 GMT","cache-control":"no-cache, no-store, max-age=0, must-revalidate","content-type":"application/json; charset=utf-8","vary":"X-Origin, Referer, Origin,Accept-Encoding","server":"scaffolding on HTTPServer2","x-xss-protection":"0","x-frame-options":"SAMEORIGIN","x-content-type-options":"nosniff","alt-svc":"h3=\":443\"; ma=2592000,h3-29=\":443\"; ma=2592000,h3-Q050=\":443\"; ma=2592000,h3-Q046=\":443\"; ma=2592000,h3-Q043=\":443\"; ma=2592000,quic=\":443\"; ma=2592000; v=\"46,43\"","accept-ranges":"none","transfer-encoding":"chunked"}
[debug] [2022-10-11T05:56:08.575Z] >>> [apiv2][query] GET https://firebase.googleapis.com/v1beta1/projects pageSize=100
[debug] [2022-10-11T05:56:08.994Z] <<< [apiv2][status] GET https://firebase.googleapis.com/v1beta1/projects 200
[debug] [2022-10-11T05:56:08.994Z] <<< [apiv2][body] GET https://firebase.googleapis.com/v1beta1/projects [omitted]
[info] i  Using project blindate-80962 (BlinDate) 
[info] 
=== Database Setup
[info] i  database: ensuring required API firebasedatabase.googleapis.com is enabled... 
[debug] [2022-10-11T05:56:18.427Z] >>> [apiv2][query] GET https://serviceusage.googleapis.com/v1/projects/blindate-80962/services/firebasedatabase.googleapis.com [none]
[debug] [2022-10-11T05:56:19.008Z] <<< [apiv2][status] GET https://serviceusage.googleapis.com/v1/projects/blindate-80962/services/firebasedatabase.googleapis.com 200
[debug] [2022-10-11T05:56:19.008Z] <<< [apiv2][body] GET https://serviceusage.googleapis.com/v1/projects/blindate-80962/services/firebasedatabase.googleapis.com [omitted]
[info] ✔  database: required API firebasedatabase.googleapis.com is enabled 
[info] 
[debug] [2022-10-11T05:56:19.010Z] >>> [apiv2][query] GET https://firebasedatabase.googleapis.com/v1beta/projects/blindate-80962/locations/-/instances/blindate-80962-default-rtdb [none]
[debug] [2022-10-11T05:56:19.402Z] <<< [apiv2][status] GET https://firebasedatabase.googleapis.com/v1beta/projects/blindate-80962/locations/-/instances/blindate-80962-default-rtdb 200
[debug] [2022-10-11T05:56:19.403Z] <<< [apiv2][body] GET https://firebasedatabase.googleapis.com/v1beta/projects/blindate-80962/locations/-/instances/blindate-80962-default-rtdb {"name":"projects/111535388553/locations/us-central1/instances/blindate-80962-default-rtdb","project":"projects/111535388553","databaseUrl":"https://blindate-80962-default-rtdb.firebaseio.com","type":"DEFAULT_DATABASE","state":"ACTIVE"}
[info] 
[info] Firebase Realtime Database Security Rules allow you to define how your data should be
[info] structured and when your data can be read from and written to.
[info] 
